<?xml version="1.0" encoding="UTF-8"?>
<coverage generated="1595838417783" clover="3.2.0">
  <project timestamp="1595838417783" name="All files">
    <metrics statements="1" coveredstatements="1" conditionals="2" coveredconditionals="1" methods="0" coveredmethods="0" elements="3" coveredelements="2" complexity="0" loc="1" ncloc="1" packages="1" files="1" classes="1"/>
    <file name="Store.ts" path="/home/sanhe/pr/schrello2/frontend/src/store/Store.ts">
      <metrics statements="1" coveredstatements="1" conditionals="2" coveredconditionals="1" methods="0" coveredmethods="0"/>
      <line num="9" count="4" type="stmt"/>
    </file>
  </project>
</coverage>
