{"/home/sanhe/pr/schrello2/frontend/src/store/Store.ts": {"path":"/home/sanhe/pr/schrello2/frontend/src/store/Store.ts","statementMap":{"0":{"start":{"line":9,"column":14},"end":{"line":20,"column":2}}},"fnMap":{},"branchMap":{"0":{"loc":{"start":{"line":17,"column":20},"end":{"line":19,"column":22}},"type":"cond-expr","locations":[{"start":{"line":18,"column":10},"end":{"line":18,"column":63}},{"start":{"line":19,"column":10},"end":{"line":19,"column":22}}],"line":17}},"s":{"0":4},"f":{},"b":{"0":[0,4]},"_coverageSchema":"43e27e138ebf9cfc5966b082cf9a028302ed4184","hash":"8abdcf9ae94520a45bc3945eb674b0186144506f"}
}
